Using pre-set license
Built from '2021.3/staging' branch; Version is '2021.3.24f1 (cf10dcf7010d) revision 13570268'; Using compiler version '192829333'; Build Type 'Release'
OS: 'Windows 11  (10.0.22621) 64bit Professional' Language: 'es' Physical Memory: 16122 MB
BatchMode: 1, IsHumanControllingUs: 0, StartBugReporterOnCrash: 0, Is64bit: 1, IsPro: 1

COMMAND LINE ARGUMENTS:
C:\Program Files\Unity 2021.3.24f1\Editor\Unity.exe
-adb2
-batchMode
-noUpm
-name
AssetImportWorker2
-projectPath
C:/Users/FranFdezDev/Playground3D
-logFile
Logs/AssetImportWorker2.log
-srvPort
60445
Successfully changed project path to: C:/Users/FranFdezDev/Playground3D
C:/Users/FranFdezDev/Playground3D
[UnityMemory] Configuration Parameters - Can be set up in boot.config
    "memorysetup-bucket-allocator-granularity=16"
    "memorysetup-bucket-allocator-bucket-count=8"
    "memorysetup-bucket-allocator-block-size=33554432"
    "memorysetup-bucket-allocator-block-count=8"
    "memorysetup-main-allocator-block-size=16777216"
    "memorysetup-thread-allocator-block-size=16777216"
    "memorysetup-gfx-main-allocator-block-size=16777216"
    "memorysetup-gfx-thread-allocator-block-size=16777216"
    "memorysetup-cache-allocator-block-size=4194304"
    "memorysetup-typetree-allocator-block-size=2097152"
    "memorysetup-profiler-bucket-allocator-granularity=16"
    "memorysetup-profiler-bucket-allocator-bucket-count=8"
    "memorysetup-profiler-bucket-allocator-block-size=33554432"
    "memorysetup-profiler-bucket-allocator-block-count=8"
    "memorysetup-profiler-allocator-block-size=16777216"
    "memorysetup-profiler-editor-allocator-block-size=1048576"
    "memorysetup-temp-allocator-size-main=16777216"
    "memorysetup-job-temp-allocator-block-size=2097152"
    "memorysetup-job-temp-allocator-block-size-background=1048576"
    "memorysetup-job-temp-allocator-reduction-small-platforms=262144"
    "memorysetup-temp-allocator-size-background-worker=32768"
    "memorysetup-temp-allocator-size-job-worker=262144"
    "memorysetup-temp-allocator-size-preload-manager=33554432"
    "memorysetup-temp-allocator-size-nav-mesh-worker=65536"
    "memorysetup-temp-allocator-size-audio-worker=65536"
    "memorysetup-temp-allocator-size-cloud-worker=32768"
    "memorysetup-temp-allocator-size-gi-baking-worker=262144"
    "memorysetup-temp-allocator-size-gfx=262144"
Player connection [23604] Host "[IP] 192.168.1.135 [Port] 0 [Flags] 2 [Guid] 3225010750 [EditorId] 3225010750 [Version] 1048832 [Id] WindowsEditor(7,DESKTOP-DH6M02P) [Debug] 1 [PackageName] WindowsEditor [ProjectName] Editor" joined multi-casting on [225.0.0.222:54997]...

Player connection [23604] Host "[IP] 192.168.1.135 [Port] 0 [Flags] 2 [Guid] 3225010750 [EditorId] 3225010750 [Version] 1048832 [Id] WindowsEditor(7,DESKTOP-DH6M02P) [Debug] 1 [PackageName] WindowsEditor [ProjectName] Editor" joined alternative multi-casting on [225.0.0.222:34997]...

Refreshing native plugins compatible for Editor in 152.56 ms, found 3 plugins.
Preloading 0 native plugins for Editor in 0.00 ms.
Initialize engine version: 2021.3.24f1 (cf10dcf7010d)
[Subsystems] Discovering subsystems at path C:/Program Files/Unity 2021.3.24f1/Editor/Data/Resources/UnitySubsystems
[Subsystems] Discovering subsystems at path C:/Users/FranFdezDev/Playground3D/Assets
GfxDevice: creating device client; threaded=0; jobified=0
Direct3D:
    Version:  Direct3D 11.0 [level 11.1]
    Renderer: NVIDIA GeForce RTX 3060 Laptop GPU (ID=0x2520)
    Vendor:   NVIDIA
    VRAM:     6009 MB
    Driver:   31.0.15.3179
Initialize mono
Mono path[0] = 'C:/Program Files/Unity 2021.3.24f1/Editor/Data/Managed'
Mono path[1] = 'C:/Program Files/Unity 2021.3.24f1/Editor/Data/MonoBleedingEdge/lib/mono/unityjit-win32'
Mono config path = 'C:/Program Files/Unity 2021.3.24f1/Editor/Data/MonoBleedingEdge/etc'
Using monoOptions --debugger-agent=transport=dt_socket,embedding=1,server=y,suspend=n,address=127.0.0.1:56944
Begin MonoManager ReloadAssembly
Registering precompiled unity dll's ...
Register platform support module: C:/Program Files/Unity 2021.3.24f1/Editor/Data/PlaybackEngines/WindowsStandaloneSupport/UnityEditor.WindowsStandalone.Extensions.dll
Registered in 0.006886 seconds.
Native extension for WindowsStandalone target not found
Refreshing native plugins compatible for Editor in 80.30 ms, found 3 plugins.
Preloading 0 native plugins for Editor in 0.00 ms.
Mono: successfully reloaded assembly
- Completed reload, in  0.996 seconds
Domain Reload Profiling:
	ReloadAssembly (997ms)
		BeginReloadAssembly (147ms)
			ExecutionOrderSort (0ms)
			DisableScriptedObjects (0ms)
			BackupInstance (0ms)
			ReleaseScriptingObjects (0ms)
			CreateAndSetChildDomain (2ms)
		EndReloadAssembly (678ms)
			LoadAssemblies (141ms)
			RebuildTransferFunctionScriptingTraits (0ms)
			SetupTypeCache (212ms)
			ReleaseScriptCaches (0ms)
			RebuildScriptCaches (43ms)
			SetupLoadedEditorAssemblies (338ms)
				LogAssemblyErrors (0ms)
				InitializePlatformSupportModulesInManaged (10ms)
				SetLoadedEditorAssemblies (0ms)
				RefreshPlugins (80ms)
				BeforeProcessingInitializeOnLoad (2ms)
				ProcessInitializeOnLoadAttributes (186ms)
				ProcessInitializeOnLoadMethodAttributes (60ms)
				AfterProcessingInitializeOnLoad (0ms)
				EditorAssembliesLoaded (0ms)
			ExecutionOrderSort2 (0ms)
			AwakeInstancesAfterBackupRestoration (0ms)
Platform modules already initialized, skipping
Registering precompiled user dll's ...
Registered in 0.005086 seconds.
Begin MonoManager ReloadAssembly
Symbol file LoadedFromMemory doesn't match image C:\Users\FranFdezDev\Playground3D\Library\PackageCache\com.unity.visualscripting@1.8.0\Editor\VisualScripting.Core\Dependencies\YamlDotNet\Unity.VisualScripting.YamlDotNet.dll
Symbol file LoadedFromMemory doesn't match image C:\Users\FranFdezDev\Playground3D\Library\PackageCache\com.unity.visualscripting@1.8.0\Editor\VisualScripting.Core\Dependencies\DotNetZip\Unity.VisualScripting.IonicZip.dll
Native extension for WindowsStandalone target not found
Refreshing native plugins compatible for Editor in 0.69 ms, found 3 plugins.
Preloading 0 native plugins for Editor in 0.00 ms.
Mono: successfully reloaded assembly
- Completed reload, in  0.960 seconds
Domain Reload Profiling:
	ReloadAssembly (961ms)
		BeginReloadAssembly (133ms)
			ExecutionOrderSort (0ms)
			DisableScriptedObjects (5ms)
			BackupInstance (0ms)
			ReleaseScriptingObjects (0ms)
			CreateAndSetChildDomain (19ms)
		EndReloadAssembly (735ms)
			LoadAssemblies (78ms)
			RebuildTransferFunctionScriptingTraits (0ms)
			SetupTypeCache (230ms)
			ReleaseScriptCaches (1ms)
			RebuildScriptCaches (55ms)
			SetupLoadedEditorAssemblies (337ms)
				LogAssemblyErrors (0ms)
				InitializePlatformSupportModulesInManaged (5ms)
				SetLoadedEditorAssemblies (1ms)
				RefreshPlugins (1ms)
				BeforeProcessingInitializeOnLoad (67ms)
				ProcessInitializeOnLoadAttributes (236ms)
				ProcessInitializeOnLoadMethodAttributes (21ms)
				AfterProcessingInitializeOnLoad (6ms)
				EditorAssembliesLoaded (0ms)
			ExecutionOrderSort2 (0ms)
			AwakeInstancesAfterBackupRestoration (8ms)
Platform modules already initialized, skipping
========================================================================
Worker process is ready to serve import requests
Launched and connected shader compiler UnityShaderCompiler.exe after 0.05 seconds
Refreshing native plugins compatible for Editor in 0.57 ms, found 3 plugins.
Preloading 0 native plugins for Editor in 0.00 ms.
Unloading 3222 Unused Serialized files (Serialized files now loaded: 0)
Unloading 24 unused Assets / (113.9 KB). Loaded Objects now: 3684.
Memory consumption went from 113.7 MB to 113.6 MB.
Total: 3.403200 ms (FindLiveObjects: 0.296000 ms CreateObjectMapping: 0.125100 ms MarkObjects: 2.845400 ms  DeleteObjects: 0.134300 ms)

AssetImportParameters requested are different than current active one (requested -> active):
  custom:video-decoder-ogg-theora: a1e56fd34408186e4bbccfd4996cb3dc -> 
  custom:container-muxer-webm: aa71ff27fc2769a1b78a27578f13a17b -> 
  custom:container-demuxer-webm: 4f35f7cbe854078d1ac9338744f61a02 -> 
  custom:video-encoder-webm-vp8: eb34c28f22e8b96e1ab97ce403110664 -> 
  custom:audio-encoder-webm-vorbis: bf7c407c2cedff20999df2af8eb42d56 -> 
  custom:framework-win-MediaFoundation: 216162199b28c13a410421893ffa2e32 -> 
  custom:container-demuxer-ogg: 62fdf1f143b41e24485cea50d1cbac27 -> 
  custom:video-decoder-webm-vp8: 9c59270c3fd7afecdb556c50c9e8de78 -> 
  custom:audio-decoder-ogg-vorbis: bf7c407c2cedff20999df2af8eb42d56 -> 
========================================================================
Received Import Request.
  Time since last request: 102087.909024 seconds.
  path: Assets/Characters/Link + Animaciones/sword and shield strafe (3).fbx
  artifactKey: Guid(b3231ac46e086fa4faed9b4fc197b92b) Importer(815301076,1909f56bfc062723c751e8b465ee728b)
Start importing Assets/Characters/Link + Animaciones/sword and shield strafe (3).fbx using Guid(b3231ac46e086fa4faed9b4fc197b92b) Importer(815301076,1909f56bfc062723c751e8b465ee728b)  -> (artifact id: '4fec7d899c06545bcbefe0c1df8248be') in 0.072045 seconds 
========================================================================
Received Import Request.
  Time since last request: 106.321187 seconds.
  path: Assets/Characters/Link + Animaciones/Link (Adult).fbx
  artifactKey: Guid(63fcbf5b623a59b4a9d2490a078cfe00) Importer(815301076,1909f56bfc062723c751e8b465ee728b)
Start importing Assets/Characters/Link + Animaciones/Link (Adult).fbx using Guid(63fcbf5b623a59b4a9d2490a078cfe00) Importer(815301076,1909f56bfc062723c751e8b465ee728b)  -> (artifact id: '7df3af7b00dbe86844a0a911d600f93e') in 0.315973 seconds 
========================================================================
Received Import Request.
  Time since last request: 22.706038 seconds.
  path: Assets/Characters/Link + Animaciones/Link (Adult).fbx
  artifactKey: Guid(63fcbf5b623a59b4a9d2490a078cfe00) Importer(815301076,1909f56bfc062723c751e8b465ee728b)
Start importing Assets/Characters/Link + Animaciones/Link (Adult).fbx using Guid(63fcbf5b623a59b4a9d2490a078cfe00) Importer(815301076,1909f56bfc062723c751e8b465ee728b)  -> (artifact id: '7c35ad5e132395e25458492bf270ba2b') in 0.039089 seconds 
========================================================================
Received Import Request.
  Time since last request: 47.560476 seconds.
  path: Assets/Characters/Link + Animaciones/Link (Adult).fbm
  artifactKey: Guid(99bae62f8e27fef479e5446b85286616) Importer(815301076,1909f56bfc062723c751e8b465ee728b)
Start importing Assets/Characters/Link + Animaciones/Link (Adult).fbm using Guid(99bae62f8e27fef479e5446b85286616) Importer(815301076,1909f56bfc062723c751e8b465ee728b)  -> (artifact id: '79fbe58ce488cf464867ebe399bc50e1') in 0.008703 seconds 
========================================================================
Received Import Request.
  Time since last request: 0.023760 seconds.
  path: Assets/Characters/Link + Animaciones/Link (Adult).fbm/Link_grp.png
  artifactKey: Guid(6bf955f6b0f0dd94b87c07e211977308) Importer(815301076,1909f56bfc062723c751e8b465ee728b)
Start importing Assets/Characters/Link + Animaciones/Link (Adult).fbm/Link_grp.png using Guid(6bf955f6b0f0dd94b87c07e211977308) Importer(815301076,1909f56bfc062723c751e8b465ee728b)  -> (artifact id: 'aa76637fde85c614e8bb32c3548b8bf5') in 0.024144 seconds 
========================================================================
Received Import Request.
  Time since last request: 33.656994 seconds.
  path: Assets/Characters/Link + Animaciones/LinkAnimator.controller
  artifactKey: Guid(6ebd6c27c126bcc47ac4ac4b1348b59a) Importer(815301076,1909f56bfc062723c751e8b465ee728b)
Start importing Assets/Characters/Link + Animaciones/LinkAnimator.controller using Guid(6ebd6c27c126bcc47ac4ac4b1348b59a) Importer(815301076,1909f56bfc062723c751e8b465ee728b)  -> (artifact id: 'e02d17d1f459f370a30cbc66a232d6c3') in 0.013675 seconds 
========================================================================
Received Import Request.
  Time since last request: 190.609992 seconds.
  path: Assets/Characters/Link + Animaciones/sheath sword 1.fbx
  artifactKey: Guid(0b59b588bb649f040b7d96cfc7e2b2d6) Importer(815301076,1909f56bfc062723c751e8b465ee728b)
Start importing Assets/Characters/Link + Animaciones/sheath sword 1.fbx using Guid(0b59b588bb649f040b7d96cfc7e2b2d6) Importer(815301076,1909f56bfc062723c751e8b465ee728b)  -> (artifact id: '7032175b8d0234820f3aeb2753e993a9') in 0.008132 seconds 
